[page] error: A bad HTTP response code (404) was received when fetching the script.
[page] warning: [App] Service worker registration failed: TypeError: Failed to register a ServiceWorker for scope ('http://127.0.0.1:43143/') with script ('http://127.0.0.1:43143/sw.js'): A bad HTTP response code (404) was received when fetching the script.
[page] warning: THREE.Clock: This module has been deprecated. Please use THREE.Timer instead.
[page] error: Failed to load resource: the server responded with a status of 404 (Not Found)
[page] error: Failed to load resource: the server responded with a status of 404 (Not Found)
[page] warning: [.WebGL-0x3f940011c400]GL Driver Message (OpenGL, Performance, GL_CLOSE_PATH_NV, High): GPU stall due to ReadPixels
[page] warning: [.WebGL-0x3f940011c400]GL Driver Message (OpenGL, Performance, GL_CLOSE_PATH_NV, High): GPU stall due to ReadPixels
[page] warning: [.WebGL-0x3f940011c400]GL Driver Message (OpenGL, Performance, GL_CLOSE_PATH_NV, High): GPU stall due to ReadPixels
[page] error: Failed to load resource: the server responded with a status of 404 (Not Found)
[page] warning: [.WebGL-0x3f940011c400]GL Driver Message (OpenGL, Performance, GL_CLOSE_PATH_NV, High): GPU stall due to ReadPixels (this message will no longer repeat)
[page] log: [Defora event] control forwarded
[page] log: [Defora event] control forwarded
[page] log: [Defora event] control forwarded
[page] log: [Defora event] control forwarded
[page] log: [Defora event] control forwarded
[page] log: [Defora event] control forwarded
[page] log: [Defora event] control forwarded
[page] log: [Defora event] control forwarded
[page] log: [Defora event] control forwarded
[page] log: [Defora event] control forwarded
[page] log: [Defora event] control forwarded
[page] log: [Defora event] control forwarded
[page] error: A bad HTTP response code (404) was received when fetching the script.
[page] warning: [App] Service worker registration failed: TypeError: Failed to register a ServiceWorker for scope ('http://127.0.0.1:43143/') with script ('http://127.0.0.1:43143/sw.js'): A bad HTTP response code (404) was received when fetching the script.
[page] log: [Defora event] control forwarded
[page] log: [Defora event] control forwarded
[page] log: [Defora event] control forwarded
[page] log: [Defora event] control forwarded
[page] log: [Defora event] control forwarded
[page] log: [Defora event] control forwarded
[page] log: [Defora event] control forwarded
[page] log: [Defora event] control forwarded
[page] log: [Defora event] control forwarded
[page] log: [Defora event] control forwarded
[page] log: [Defora event] control forwarded
[page] log: [Defora event] control forwarded
[page] log: [Defora event] control forwarded
[page] log: [Defora event] control forwarded
[page] log: [Defora event] control forwarded
[page] log: [Defora event] control forwarded
[page] log: [Defora event] control forwarded
[page] log: [Defora event] control forwarded
[page] log: [Defora event] control forwarded
[page] log: [Defora event] control forwarded
[page] log: [Defora event] control forwarded
[page] log: [Defora event] control forwarded
[page] log: [Defora event] control forwarded
[page] log: [Defora event] control forwarded
[page] log: [Defora event] control forwarded
[page] log: [Defora event] control forwarded
[page] log: [Defora event] control forwarded
[page] log: [Defora event] control forwarded
[page] log: [Defora event] control forwarded
[page] log: [Defora event] control forwarded
[page] log: [Defora event] control forwarded
[page] log: [Defora event] control forwarded
[page] log: [Defora event] control forwarded
[page] log: [Defora event] control forwarded
[page] log: [Defora event] control forwarded
[page] log: [Defora event] control forwarded
[page] log: [Defora event] control forwarded